<?xml version="1.0" encoding="UTF-8" ?>
<testsuite tests="23" failures="0" name="com.steps.CreateContactTest" time="0.159" errors="2" skipped="17">
  <properties>
[...]
</properties>
  <testcase classname="Scenario: Create contact" name="Given I enter to the application" time="0.005">
    <skipped/>
    <system-out>Feature: Create a new contact and edit the name once is created
  Data:
  First Name: Bring
  Last Name: Digital
  Mobile Number: +351911111111
  Change to: Other
  Phone: +351911111111
  Change to: Other fax
  Email: Sonia.pereira@bringglobal.com
  Change to: Work
</system-out>
  </testcase>
  <testcase classname="Scenario: Create contact" name="When I click in contacts" time="0.007">
    <skipped/>
    <system-out>
  Background:                        &amp;#27;[90m# feature/contact.feature:12&amp;#27;[0m
    &amp;#27;[33mGiven &amp;#27;[0m&amp;#27;[33mI enter to the application&amp;#27;[0m
</system-out>
  </testcase>
  <testcase classname="Scenario: Create contact" name="And I click &apos;+&apos; button" time="0.008">
    <skipped/>
  </testcase>
  <testcase classname="Scenario: Create contact" name="Then I see form to create a contact" time="0.008">
    <skipped/>
  </testcase>
  <testcase classname="Scenario: Create contact" name="When I enter the information required to create a contact" time="0.009">
    <skipped/>
  </testcase>
  <testcase classname="Scenario: Create contact" name="Then I validate the contact is created" time="0.01">
    <skipped/>
  </testcase>
  <testcase classname="Scenario: Create contact" name="Scenario: Create contact" time="0.019">
    <skipped/>
  </testcase>
  <testcase classname="Scenario: Create contact" name="Scenario: Create contact" time="0.019"/>
  <testcase classname="Scenario: Create and Edit contact" name="Given I enter to the application" time="0.002">
    <skipped/>
    <system-out>
  Scenario: Create contact                                    &amp;#27;[90m# feature/contact.feature:15&amp;#27;[0m
    &amp;#27;[33mWhen &amp;#27;[0m&amp;#27;[33mI click in contacts&amp;#27;[0m
    &amp;#27;[33mAnd &amp;#27;[0m&amp;#27;[33mI click &apos;+&apos; button&amp;#27;[0m
    &amp;#27;[33mThen &amp;#27;[0m&amp;#27;[33mI see form to create a contact&amp;#27;[0m
    &amp;#27;[33mWhen &amp;#27;[0m&amp;#27;[33mI enter the information required to create a contact&amp;#27;[0m
    &amp;#27;[33mThen &amp;#27;[0m&amp;#27;[33mI validate the contact is created&amp;#27;[0m
</system-out>
  </testcase>
  <testcase classname="Scenario: Create and Edit contact" name="When I click in contacts" time="0.005">
    <skipped/>
    <system-out>
  Background:                        &amp;#27;[90m# feature/contact.feature:12&amp;#27;[0m
    &amp;#27;[33mGiven &amp;#27;[0m&amp;#27;[33mI enter to the application&amp;#27;[0m
</system-out>
  </testcase>
  <testcase classname="Scenario: Create and Edit contact" name="And I click &apos;+&apos; button" time="0.005">
    <skipped/>
  </testcase>
  <testcase classname="Scenario: Create and Edit contact" name="Then I see form to create a contact" time="0.006">
    <skipped/>
  </testcase>
  <testcase classname="Scenario: Create and Edit contact" name="When I enter the information required to create a contact" time="0.006">
    <skipped/>
  </testcase>
  <testcase classname="Scenario: Create and Edit contact" name="Then I validate the contact is created" time="0.006">
    <skipped/>
  </testcase>
  <testcase classname="Scenario: Create and Edit contact" name="When I click in edit contact" time="0.007">
    <skipped/>
  </testcase>
  <testcase classname="Scenario: Create and Edit contact" name="And I enter all the information required to edit contact" time="0.007">
    <skipped/>
  </testcase>
  <testcase classname="Scenario: Create and Edit contact" name="Then I validate the contact is updated" time="0.008">
    <skipped/>
  </testcase>
  <testcase classname="Scenario: Create and Edit contact" name="Scenario: Create and Edit contact" time="0.008">
    <skipped/>
  </testcase>
  <testcase classname="Scenario: Create and Edit contact" name="Scenario: Create and Edit contact" time="0.008"/>
  <testcase classname="Scenario: Create contact" name="Given We are a user" time="0"/>
  <testcase classname="Scenario: Create contact" name="And We enter to application" time="0"/>
  <testcase classname="Scenario: Create contact" name="When we make login with user and password" time="0.003">
    <error type="java.lang.NullPointerException">java.lang.NullPointerException
	at java.base/java.util.Objects.requireNonNull(Objects.java:208)
	at org.openqa.selenium.support.ui.FluentWait.&lt;init&gt;(FluentWait.java:106)
	at org.openqa.selenium.support.ui.WebDriverWait.&lt;init&gt;(WebDriverWait.java:85)
	at org.openqa.selenium.support.ui.WebDriverWait.&lt;init&gt;(WebDriverWait.java:45)
	at com.bring.CreateContact.create(CreateContact.java:11)
	at com.steps.CreateUpdateSteps.we_make_login_with_user_and_password(CreateUpdateSteps.java:43)
	at ✽.When we make login with user and password(feature/hola.feature:16)
</error>
    <system-out>
  Background:                   &amp;#27;[90m# feature/hola.feature:11&amp;#27;[0m
    &amp;#27;[32mGiven &amp;#27;[0m&amp;#27;[32mWe are a user&amp;#27;[0m         &amp;#27;[90m# CreateUpdateSteps.we_are_a_user()&amp;#27;[0m
    &amp;#27;[32mAnd &amp;#27;[0m&amp;#27;[32mWe enter to application&amp;#27;[0m &amp;#27;[90m# CreateUpdateSteps.we_enter_to_application()&amp;#27;[0m
</system-out>
  </testcase>
  <testcase classname="Scenario: Create contact" name="Scenario: Create contact" time="0.003">
    <error type="java.lang.NullPointerException">java.lang.NullPointerException
	at java.base/java.util.Objects.requireNonNull(Objects.java:208)
	at org.openqa.selenium.support.ui.FluentWait.&lt;init&gt;(FluentWait.java:106)
	at org.openqa.selenium.support.ui.WebDriverWait.&lt;init&gt;(WebDriverWait.java:85)
	at org.openqa.selenium.support.ui.WebDriverWait.&lt;init&gt;(WebDriverWait.java:45)
	at com.bring.CreateContact.create(CreateContact.java:11)
	at com.steps.CreateUpdateSteps.we_make_login_with_user_and_password(CreateUpdateSteps.java:43)
	at ✽.When we make login with user and password(feature/hola.feature:16)
</error>
  </testcase>
</testsuite>